{"message":"::1 - - [31/Jul/2020:06:30:37 +0000] \"GET /users/allusers HTTP/1.1\" 200 392 \"http://localhost:5002/api-docs/\" \"Mozilla/5.0 (Windows NT 10.0; Win64; x64; rv:78.0) Gecko/20100101 Firefox/78.0\"\n","level":"info","timestamp":"2020-07-31 07:30:37 AM +0100"}
{"message":"::1 - - [31/Jul/2020:06:33:04 +0000] \"GET /users/allusers HTTP/1.1\" 304 - \"http://localhost:5002/api-docs/\" \"Mozilla/5.0 (Windows NT 10.0; Win64; x64; rv:78.0) Gecko/20100101 Firefox/78.0\"\n","level":"info","timestamp":"2020-07-31 07:33:04 AM +0100"}
{"message":"::1 - - [31/Jul/2020:06:35:32 +0000] \"GET /allusers HTTP/1.1\" 200 392 \"http://localhost:5002/api-docs/\" \"Mozilla/5.0 (Windows NT 10.0; Win64; x64; rv:78.0) Gecko/20100101 Firefox/78.0\"\n","level":"info","timestamp":"2020-07-31 07:35:32 AM +0100"}
{"message":"::1 - - [31/Jul/2020:06:37:55 +0000] \"GET /allusers HTTP/1.1\" 304 - \"http://localhost:5002/api-docs/\" \"Mozilla/5.0 (Windows NT 10.0; Win64; x64; rv:78.0) Gecko/20100101 Firefox/78.0\"\n","level":"info","timestamp":"2020-07-31 07:37:55 AM +0100"}
{"message":"::1 - - [31/Jul/2020:07:29:30 +0000] \"POST /api/users/allusers HTTP/1.1\" 404 158 \"-\" \"PostmanRuntime/7.26.2\"\n","level":"info","timestamp":"2020-07-31 08:29:30 AM +0100"}
{"message":"::1 - - [31/Jul/2020:07:29:45 +0000] \"GET /api/users/allusers HTTP/1.1\" 200 - \"-\" \"PostmanRuntime/7.26.2\"\n","level":"info","timestamp":"2020-07-31 08:29:45 AM +0100"}
{"message":"::1 - - [31/Jul/2020:07:31:04 +0000] \"GET /api/users/allusers HTTP/1.1\" 200 - \"http://localhost:5002/api-docs/\" \"Mozilla/5.0 (Windows NT 10.0; Win64; x64; rv:78.0) Gecko/20100101 Firefox/78.0\"\n","level":"info","timestamp":"2020-07-31 08:31:04 AM +0100"}
{"message":"::1 - - [31/Jul/2020:07:39:56 +0000] \"GET /api/users/allusers HTTP/1.1\" 404 157 \"-\" \"PostmanRuntime/7.26.2\"\n","level":"info","timestamp":"2020-07-31 08:39:56 AM +0100"}
{"message":"::1 - - [31/Jul/2020:07:40:17 +0000] \"GET /api/v1/users/allusers HTTP/1.1\" 200 - \"-\" \"PostmanRuntime/7.26.2\"\n","level":"info","timestamp":"2020-07-31 08:40:17 AM +0100"}
{"message":"::1 - - [31/Jul/2020:08:43:51 +0000] \"GET /api/v1/users/allusers HTTP/1.1\" 200 - \"-\" \"PostmanRuntime/7.26.2\"\n","level":"info","timestamp":"2020-07-31 09:43:51 AM +0100"}
{"message":"::1 - - [31/Jul/2020:08:44:36 +0000] \"GET /api/v1/users/allusers HTTP/1.1\" 200 - \"-\" \"PostmanRuntime/7.26.2\"\n","level":"info","timestamp":"2020-07-31 09:44:36 AM +0100"}
{"message":"::1 - - [31/Jul/2020:08:44:37 +0000] \"GET /api/v1/users/allusers HTTP/1.1\" 200 - \"-\" \"PostmanRuntime/7.26.2\"\n","level":"info","timestamp":"2020-07-31 09:44:37 AM +0100"}
{"message":"::1 - - [31/Jul/2020:08:44:38 +0000] \"GET /api/v1/users/allusers HTTP/1.1\" 200 - \"-\" \"PostmanRuntime/7.26.2\"\n","level":"info","timestamp":"2020-07-31 09:44:38 AM +0100"}
{"message":"::1 - - [31/Jul/2020:08:44:38 +0000] \"GET /api/v1/users/allusers HTTP/1.1\" 200 - \"-\" \"PostmanRuntime/7.26.2\"\n","level":"info","timestamp":"2020-07-31 09:44:38 AM +0100"}
{"message":"::1 - - [31/Jul/2020:08:44:39 +0000] \"GET /api/v1/users/allusers HTTP/1.1\" 200 - \"-\" \"PostmanRuntime/7.26.2\"\n","level":"info","timestamp":"2020-07-31 09:44:39 AM +0100"}
{"message":"::1 - - [31/Jul/2020:08:44:40 +0000] \"GET /api/v1/users/allusers HTTP/1.1\" 200 - \"-\" \"PostmanRuntime/7.26.2\"\n","level":"info","timestamp":"2020-07-31 09:44:40 AM +0100"}
{"message":"::1 - - [31/Jul/2020:08:44:40 +0000] \"GET /api/v1/users/allusers HTTP/1.1\" 200 - \"-\" \"PostmanRuntime/7.26.2\"\n","level":"info","timestamp":"2020-07-31 09:44:40 AM +0100"}
{"message":"::1 - - [31/Jul/2020:08:44:41 +0000] \"GET /api/v1/users/allusers HTTP/1.1\" 200 - \"-\" \"PostmanRuntime/7.26.2\"\n","level":"info","timestamp":"2020-07-31 09:44:41 AM +0100"}
{"message":"::1 - - [31/Jul/2020:08:44:42 +0000] \"GET /api/v1/users/allusers HTTP/1.1\" 200 - \"-\" \"PostmanRuntime/7.26.2\"\n","level":"info","timestamp":"2020-07-31 09:44:42 AM +0100"}
{"message":"::1 - - [31/Jul/2020:08:44:42 +0000] \"GET /api/v1/users/allusers HTTP/1.1\" 200 - \"-\" \"PostmanRuntime/7.26.2\"\n","level":"info","timestamp":"2020-07-31 09:44:42 AM +0100"}
