{"message":"::ffff:127.0.0.1 - - [17/Aug/2020:06:14:16 +0000] \"POST /api/v1/products/add-product HTTP/1.1\" - - \"http://localhost:5002/api-docs/\" \"Mozilla/5.0 (Windows NT 10.0; Win64; x64; rv:79.0) Gecko/20100101 Firefox/79.0\"\n","level":"info","timestamp":"2020-08-17 07:14:16 AM +0100"}
{"message":"1 record inserted","level":"info","timestamp":"2020-08-17 07:14:58 AM +0100"}
{"message":"::ffff:127.0.0.1 - - [17/Aug/2020:06:15:01 +0000] \"POST /api/v1/products/add-product HTTP/1.1\" 201 206 \"http://localhost:5002/api-docs/\" \"Mozilla/5.0 (Windows NT 10.0; Win64; x64; rv:79.0) Gecko/20100101 Firefox/79.0\"\n","level":"info","timestamp":"2020-08-17 07:15:01 AM +0100"}
{"message":"::ffff:127.0.0.1 - - [17/Aug/2020:06:24:23 +0000] \"GET /api/v1/products/products HTTP/1.1\" 200 - \"http://localhost:5002/api-docs/\" \"Mozilla/5.0 (Windows NT 10.0; Win64; x64; rv:79.0) Gecko/20100101 Firefox/79.0\"\n","level":"info","timestamp":"2020-08-17 07:24:23 AM +0100"}
{"message":"::ffff:127.0.0.1 - - [17/Aug/2020:06:57:59 +0000] \"GET /api/v1/products/get-product/1 HTTP/1.1\" - - \"http://localhost:5002/api-docs/\" \"Mozilla/5.0 (Windows NT 10.0; Win64; x64; rv:79.0) Gecko/20100101 Firefox/79.0\"\n","level":"info","timestamp":"2020-08-17 07:57:59 AM +0100"}
{"message":"::ffff:127.0.0.1 - - [17/Aug/2020:07:04:04 +0000] \"GET /api/v1/products/get-product/%7Bid%7D?productid=1 HTTP/1.1\" 200 917 \"http://localhost:5002/api-docs/\" \"Mozilla/5.0 (Windows NT 10.0; Win64; x64; rv:79.0) Gecko/20100101 Firefox/79.0\"\n","level":"info","timestamp":"2020-08-17 08:04:04 AM +0100"}
{"message":"0record(s) found","level":"info","timestamp":"2020-08-17 08:05:49 AM +0100"}
{"message":"::ffff:127.0.0.1 - - [17/Aug/2020:07:05:49 +0000] \"GET /api/v1/products/get-product/%7Bid%7D?productid=9 HTTP/1.1\" 404 96 \"http://localhost:5002/api-docs/\" \"Mozilla/5.0 (Windows NT 10.0; Win64; x64; rv:79.0) Gecko/20100101 Firefox/79.0\"\n","level":"info","timestamp":"2020-08-17 08:05:49 AM +0100"}
{"message":"::1 - - [17/Aug/2020:14:21:14 +0000] \"GET /api/v1/products/get-category HTTP/1.1\" 200 - \"http://localhost:5002/api-docs/\" \"Mozilla/5.0 (Windows NT 10.0; Win64; x64; rv:79.0) Gecko/20100101 Firefox/79.0\"\n","level":"info","timestamp":"2020-08-17 03:21:14 PM +0100"}
{"message":"::1 - - [17/Aug/2020:16:34:43 +0000] \"GET /api/v1/product-category/%7Bid%7D?id=1 HTTP/1.1\" 404 171 \"http://localhost:5002/api-docs/\" \"Mozilla/5.0 (Windows NT 10.0; Win64; x64; rv:79.0) Gecko/20100101 Firefox/79.0\"\n","level":"info","timestamp":"2020-08-17 05:34:43 PM +0100"}
{"message":"::1 - - [17/Aug/2020:16:40:03 +0000] \"GET /api/v1/products/get-category/%7Bid%7D?id=1 HTTP/1.1\" - - \"http://localhost:5002/api-docs/\" \"Mozilla/5.0 (Windows NT 10.0; Win64; x64; rv:79.0) Gecko/20100101 Firefox/79.0\"\n","level":"info","timestamp":"2020-08-17 05:40:03 PM +0100"}
{"message":"::1 - - [17/Aug/2020:16:45:09 +0000] \"GET /api/v1/products/get-category/%7Bid%7D?catid=1 HTTP/1.1\" - - \"http://localhost:5002/api-docs/\" \"Mozilla/5.0 (Windows NT 10.0; Win64; x64; rv:79.0) Gecko/20100101 Firefox/79.0\"\n","level":"info","timestamp":"2020-08-17 05:45:09 PM +0100"}
{"message":"::1 - - [17/Aug/2020:16:47:14 +0000] \"GET /api/v1/products/get-category/%7Bid%7D?catid=1 HTTP/1.1\" - - \"http://localhost:5002/api-docs/\" \"Mozilla/5.0 (Windows NT 10.0; Win64; x64; rv:79.0) Gecko/20100101 Firefox/79.0\"\n","level":"info","timestamp":"2020-08-17 05:47:14 PM +0100"}
{"message":"::1 - - [17/Aug/2020:17:03:24 +0000] \"GET /api/v1/products/get-category/%7Bid%7D?catid=1 HTTP/1.1\" 200 660 \"http://localhost:5002/api-docs/\" \"Mozilla/5.0 (Windows NT 10.0; Win64; x64; rv:79.0) Gecko/20100101 Firefox/79.0\"\n","level":"info","timestamp":"2020-08-17 06:03:24 PM +0100"}
{"message":"1 record(s) found","level":"info","timestamp":"2020-08-17 06:11:19 PM +0100"}
{"message":"::1 - - [17/Aug/2020:17:11:19 +0000] \"PUT /api/v1/products/update-category/%7Bid%7D?catid=1 HTTP/1.1\" 201 659 \"http://localhost:5002/api-docs/\" \"Mozilla/5.0 (Windows NT 10.0; Win64; x64; rv:79.0) Gecko/20100101 Firefox/79.0\"\n","level":"info","timestamp":"2020-08-17 06:11:19 PM +0100"}
{"message":"::1 - - [17/Aug/2020:18:47:03 +0000] \"GET /api/v1/outlets/all-outlets HTTP/1.1\" 200 969 \"http://localhost:5002/api-docs/\" \"Mozilla/5.0 (Windows NT 10.0; Win64; x64; rv:79.0) Gecko/20100101 Firefox/79.0\"\n","level":"info","timestamp":"2020-08-17 07:47:03 PM +0100"}
{"message":"::1 - - [17/Aug/2020:18:50:38 +0000] \"GET /api/v1/outlets/get-outlet/%7Bid%7D?id=1 HTTP/1.1\" 404 173 \"http://localhost:5002/api-docs/\" \"Mozilla/5.0 (Windows NT 10.0; Win64; x64; rv:79.0) Gecko/20100101 Firefox/79.0\"\n","level":"info","timestamp":"2020-08-17 07:50:38 PM +0100"}
{"message":"0 record(s) found","level":"info","timestamp":"2020-08-17 07:52:39 PM +0100"}
{"message":"::1 - - [17/Aug/2020:18:53:52 +0000] \"GET /api/v1/outlets/get-outlet/%7Bid%7D?id=1 HTTP/1.1\" 404 97 \"http://localhost:5002/api-docs/\" \"Mozilla/5.0 (Windows NT 10.0; Win64; x64; rv:79.0) Gecko/20100101 Firefox/79.0\"\n","level":"info","timestamp":"2020-08-17 07:53:52 PM +0100"}
{"message":"::1 - - [17/Aug/2020:18:58:54 +0000] \"GET /api/v1/outlets/get-outlet/%7Bid%7D?id=3 HTTP/1.1\" 200 969 \"http://localhost:5002/api-docs/\" \"Mozilla/5.0 (Windows NT 10.0; Win64; x64; rv:79.0) Gecko/20100101 Firefox/79.0\"\n","level":"info","timestamp":"2020-08-17 07:58:54 PM +0100"}
{"message":"::1 - - [17/Aug/2020:19:03:37 +0000] \"PUT /api/v1/outlets/update-outlet%7Bid%7D?id=3 HTTP/1.1\" 404 175 \"http://localhost:5002/api-docs/\" \"Mozilla/5.0 (Windows NT 10.0; Win64; x64; rv:79.0) Gecko/20100101 Firefox/79.0\"\n","level":"info","timestamp":"2020-08-17 08:03:37 PM +0100"}
{"message":"::1 - - [17/Aug/2020:19:10:29 +0000] \"PUT /api/v1/outlets/update-outlet%7Bid%7D?id=3 HTTP/1.1\" 404 175 \"http://localhost:5002/api-docs/\" \"Mozilla/5.0 (Windows NT 10.0; Win64; x64; rv:79.0) Gecko/20100101 Firefox/79.0\"\n","level":"info","timestamp":"2020-08-17 08:10:29 PM +0100"}
{"message":"::1 - - [17/Aug/2020:19:37:36 +0000] \"PUT /api/v1/outlets/update-outlet/%7Bid%7D?id=3 HTTP/1.1\" 200 973 \"http://localhost:5002/api-docs/\" \"Mozilla/5.0 (Windows NT 10.0; Win64; x64; rv:79.0) Gecko/20100101 Firefox/79.0\"\n","level":"info","timestamp":"2020-08-17 08:37:36 PM +0100"}
{"message":"::1 - - [17/Aug/2020:19:37:56 +0000] \"GET /api/v1/outlets/all-outlets HTTP/1.1\" 200 973 \"http://localhost:5002/api-docs/\" \"Mozilla/5.0 (Windows NT 10.0; Win64; x64; rv:79.0) Gecko/20100101 Firefox/79.0\"\n","level":"info","timestamp":"2020-08-17 08:37:56 PM +0100"}
{"message":"::1 - - [17/Aug/2020:19:39:10 +0000] \"PUT /api/v1/outlets/update-outlet/%7Bid%7D?id=3 HTTP/1.1\" 200 971 \"http://localhost:5002/api-docs/\" \"Mozilla/5.0 (Windows NT 10.0; Win64; x64; rv:79.0) Gecko/20100101 Firefox/79.0\"\n","level":"info","timestamp":"2020-08-17 08:39:10 PM +0100"}
{"message":"::1 - - [17/Aug/2020:19:39:19 +0000] \"GET /api/v1/outlets/all-outlets HTTP/1.1\" 200 971 \"http://localhost:5002/api-docs/\" \"Mozilla/5.0 (Windows NT 10.0; Win64; x64; rv:79.0) Gecko/20100101 Firefox/79.0\"\n","level":"info","timestamp":"2020-08-17 08:39:19 PM +0100"}
{"message":"::1 - - [17/Aug/2020:22:39:18 +0000] \"GET /api/v1/items/all-baseunits HTTP/1.1\" 200 - \"http://localhost:5002/api-docs/\" \"Mozilla/5.0 (Windows NT 10.0; Win64; x64; rv:79.0) Gecko/20100101 Firefox/79.0\"\n","level":"info","timestamp":"2020-08-17 11:39:18 PM +0100"}
{"message":"::1 - - [17/Aug/2020:22:39:53 +0000] \"GET /api/v1/items/get-baseunit/%7Bid%7D?id=6 HTTP/1.1\" 200 639 \"http://localhost:5002/api-docs/\" \"Mozilla/5.0 (Windows NT 10.0; Win64; x64; rv:79.0) Gecko/20100101 Firefox/79.0\"\n","level":"info","timestamp":"2020-08-17 11:39:53 PM +0100"}
{"message":"failed with error: undefined","level":"info","timestamp":"2020-08-17 11:41:52 PM +0100"}
{"message":"::1 - - [17/Aug/2020:22:41:52 +0000] \"POST /api/v1/items/add-baseunit HTTP/1.1\" 404 107 \"http://localhost:5002/api-docs/\" \"Mozilla/5.0 (Windows NT 10.0; Win64; x64; rv:79.0) Gecko/20100101 Firefox/79.0\"\n","level":"info","timestamp":"2020-08-17 11:41:52 PM +0100"}
{"message":"::1 - - [17/Aug/2020:22:44:04 +0000] \"GET /api/v1/items/all-baseunits HTTP/1.1\" 200 - \"http://localhost:5002/api-docs/\" \"Mozilla/5.0 (Windows NT 10.0; Win64; x64; rv:79.0) Gecko/20100101 Firefox/79.0\"\n","level":"info","timestamp":"2020-08-17 11:44:04 PM +0100"}
